<?xml version="1.0" encoding="UTF-8"?>
<!-- Generated by org.testng.reporters.JUnitXMLReporter -->
<testsuite ignored="6" hostname="INBOOK_X1_NEO" failures="0" tests="2" name="Default test" time="16.05" errors="0" timestamp="2024-12-08T12:12:27 IST">
  <testcase classname="com.orangehrm.tests.LoginTest" name="validLoginTest" time="1.618"/>
  <testcase classname="com.orangehrm.tests.DashboardTest" name="logoutTest" time="2.96"/>
  <testcase classname="com.orangehrm.genericPage.MasterPage" name="@AfterTest tearDown" time="0.0">
    <ignored/>
  </testcase> <!-- @AfterTest tearDown -->
  <testcase classname="com.orangehrm.genericPage.MasterPage" name="@AfterTest tearDown" time="0.0">
    <ignored/>
  </testcase> <!-- @AfterTest tearDown -->
  <testcase classname="com.orangehrm.genericPage.MasterPage" name="@AfterTest tearDown" time="0.0">
    <ignored/>
  </testcase> <!-- @AfterTest tearDown -->
  <testcase classname="com.orangehrm.genericPage.MasterPage" name="@AfterTest tearDown" time="0.0">
    <ignored/>
  </testcase> <!-- @AfterTest tearDown -->
  <testcase classname="com.orangehrm.tests.LoginTest" name="invalidLoginTest" time="0.0">
    <ignored/>
  </testcase> <!-- invalidLoginTest -->
  <testcase classname="com.orangehrm.genericPage.MasterPage" name="@AfterTest tearDown" time="0.0">
    <ignored/>
  </testcase> <!-- @AfterTest tearDown -->
</testsuite> <!-- Default test -->
