<?xml version="1.0" encoding="UTF-8"?>
<!-- Generated by org.testng.reporters.JUnitXMLReporter -->
<testsuite ignored="5" hostname="INBOOK_X1_NEO" failures="0" tests="3" name="Default test" time="22.919" errors="0" timestamp="2024-12-14T11:38:00 IST">
  <testcase classname="com.orangehrm.tests.LoginTest" name="invalidLoginTest" time="2.083"/>
  <testcase classname="com.orangehrm.tests.LoginTest" name="validLoginTest" time="2.767"/>
  <testcase classname="com.orangehrm.tests.DashboardTest" name="logoutTest" time="3.335"/>
  <testcase classname="com.orangehrm.genericPage.MasterPage" name="@AfterTest tearDown" time="0.0">
    <ignored/>
  </testcase> <!-- @AfterTest tearDown -->
  <testcase classname="com.orangehrm.genericPage.MasterPage" name="@AfterTest tearDown" time="0.0">
    <ignored/>
  </testcase> <!-- @AfterTest tearDown -->
  <testcase classname="com.orangehrm.genericPage.MasterPage" name="@AfterTest tearDown" time="0.0">
    <ignored/>
  </testcase> <!-- @AfterTest tearDown -->
  <testcase classname="com.orangehrm.genericPage.MasterPage" name="@AfterTest tearDown" time="0.0">
    <ignored/>
  </testcase> <!-- @AfterTest tearDown -->
  <testcase classname="com.orangehrm.genericPage.MasterPage" name="@AfterTest tearDown" time="0.0">
    <ignored/>
  </testcase> <!-- @AfterTest tearDown -->
</testsuite> <!-- Default test -->
