<?xml version="1.0" encoding="UTF-8"?>
<testng-results ignored="0" total="3" passed="3" failed="0" skipped="0">
  <reporter-output>
  </reporter-output>
  <suite started-at="2024-12-14T11:37:37 IST" name="Default suite" finished-at="2024-12-14T11:38:00 IST" duration-ms="22919">
    <groups>
      <group name="loginRequired">
        <method signature="LoginTest.validLoginTest()[pri:2, instance:com.orangehrm.tests.LoginTest@415b0b49]" name="validLoginTest" class="com.orangehrm.tests.LoginTest"/>
      </group> <!-- loginRequired -->
    </groups>
    <test started-at="2024-12-14T11:37:37 IST" name="Default test" finished-at="2024-12-14T11:38:00 IST" duration-ms="22919">
      <class name="com.orangehrm.genericPage.MasterPage">
        <test-method is-config="true" signature="tearDown()[pri:0, instance:com.orangehrm.genericPage.MasterPage@798162bc]" started-at="2024-12-14T11:38:00 IST" name="tearDown" finished-at="2024-12-14T11:38:00 IST" duration-ms="403" status="PASS">
          <reporter-output>
          </reporter-output>
        </test-method> <!-- tearDown -->
      </class> <!-- com.orangehrm.genericPage.MasterPage -->
      <class name="com.orangehrm.tests.DashboardTest">
        <test-method is-config="true" signature="loadProperties()[pri:0, instance:com.orangehrm.tests.DashboardTest@2fb0623e]" started-at="2024-12-14T11:37:55 IST" name="loadProperties" finished-at="2024-12-14T11:37:55 IST" duration-ms="3" status="PASS">
          <reporter-output>
          </reporter-output>
        </test-method> <!-- loadProperties -->
        <test-method is-config="true" signature="initializeWebDriver()[pri:0, instance:com.orangehrm.tests.DashboardTest@2fb0623e]" started-at="2024-12-14T11:37:55 IST" name="initializeWebDriver" finished-at="2024-12-14T11:37:56 IST" duration-ms="1033" status="PASS">
          <reporter-output>
          </reporter-output>
        </test-method> <!-- initializeWebDriver -->
        <test-method signature="logoutTest()[pri:0, instance:com.orangehrm.tests.DashboardTest@2fb0623e]" started-at="2024-12-14T11:37:56 IST" name="logoutTest" depends-on-groups="loginRequired" finished-at="2024-12-14T11:38:00 IST" duration-ms="3335" status="PASS">
          <reporter-output>
          </reporter-output>
        </test-method> <!-- logoutTest -->
      </class> <!-- com.orangehrm.tests.DashboardTest -->
      <class name="com.orangehrm.tests.LoginTest">
        <test-method is-config="true" signature="loadProperties()[pri:0, instance:com.orangehrm.tests.LoginTest@415b0b49]" started-at="2024-12-14T11:37:37 IST" name="loadProperties" finished-at="2024-12-14T11:37:37 IST" duration-ms="21" status="PASS">
          <reporter-output>
          </reporter-output>
        </test-method> <!-- loadProperties -->
        <test-method is-config="true" signature="initializeWebDriver()[pri:0, instance:com.orangehrm.tests.LoginTest@415b0b49]" started-at="2024-12-14T11:37:37 IST" name="initializeWebDriver" finished-at="2024-12-14T11:37:49 IST" duration-ms="11516" status="PASS">
          <reporter-output>
          </reporter-output>
        </test-method> <!-- initializeWebDriver -->
        <test-method signature="invalidLoginTest()[pri:1, instance:com.orangehrm.tests.LoginTest@415b0b49]" started-at="2024-12-14T11:37:49 IST" name="invalidLoginTest" finished-at="2024-12-14T11:37:51 IST" duration-ms="2083" status="PASS">
          <reporter-output>
          </reporter-output>
        </test-method> <!-- invalidLoginTest -->
        <test-method is-config="true" signature="initializeWebDriver()[pri:0, instance:com.orangehrm.tests.LoginTest@415b0b49]" started-at="2024-12-14T11:37:51 IST" name="initializeWebDriver" finished-at="2024-12-14T11:37:52 IST" duration-ms="1633" status="PASS">
          <reporter-output>
          </reporter-output>
        </test-method> <!-- initializeWebDriver -->
        <test-method signature="validLoginTest()[pri:2, instance:com.orangehrm.tests.LoginTest@415b0b49]" started-at="2024-12-14T11:37:52 IST" name="validLoginTest" finished-at="2024-12-14T11:37:55 IST" duration-ms="2767" status="PASS">
          <reporter-output>
          </reporter-output>
        </test-method> <!-- validLoginTest -->
      </class> <!-- com.orangehrm.tests.LoginTest -->
    </test> <!-- Default test -->
  </suite> <!-- Default suite -->
</testng-results>
